<?xml version="1.0" encoding="UTF-8"?>
<testng-results skipped="0" failed="0" total="1" passed="1">
  <reporter-output>
  </reporter-output>
  <suite name="testNG Framework" duration-ms="4424" started-at="2018-01-09T10:08:25Z" finished-at="2018-01-09T10:08:30Z">
    <groups>
    </groups>
    <test name="chome test" duration-ms="4424" started-at="2018-01-09T10:08:25Z" finished-at="2018-01-09T10:08:30Z">
      <class name="Tests.TestPass">
        <test-method status="PASS" signature="setUp(java.lang.String)[pri:0, instance:Tests.TestPass@3f49dace]" name="setUp" is-config="true" duration-ms="3527" started-at="2018-01-09T05:08:25Z" finished-at="2018-01-09T05:08:29Z">
          <params>
            <param index="0">
              <value>
                <![CDATA[Ch]]>
              </value>
            </param>
          </params>
          <reporter-output>
          </reporter-output>
        </test-method> <!-- setUp -->
        <test-method status="PASS" signature="createFBAccountWith18less()[pri:0, instance:Tests.TestPass@3f49dace]" name="createFBAccountWith18less" duration-ms="869" started-at="2018-01-09T05:08:29Z" finished-at="2018-01-09T05:08:30Z">
          <reporter-output>
          </reporter-output>
        </test-method> <!-- createFBAccountWith18less -->
        <test-method status="PASS" signature="tearDown()[pri:0, instance:Tests.TestPass@3f49dace]" name="tearDown" is-config="true" duration-ms="14" started-at="2018-01-09T05:08:30Z" finished-at="2018-01-09T05:08:30Z">
          <reporter-output>
          </reporter-output>
        </test-method> <!-- tearDown -->
      </class> <!-- Tests.TestPass -->
    </test> <!-- chome test -->
  </suite> <!-- testNG Framework -->
</testng-results>
